<?xml version="1.0" encoding="UTF-8"?>
<testng-results skipped="0" failed="0" ignored="0" total="2" passed="2">
  <reporter-output>
  </reporter-output>
  <suite name="Suite" duration-ms="11875" started-at="2019-01-21T06:42:35Z" finished-at="2019-01-21T06:42:46Z">
    <groups>
    </groups>
    <test name="Test" duration-ms="11875" started-at="2019-01-21T06:42:35Z" finished-at="2019-01-21T06:42:46Z">
      <class name="JavaTest.Fail">
        <test-method status="PASS" signature="test_UsingHardAssertion()[pri:0, instance:JavaTest.Fail@28d25987]" name="test_UsingHardAssertion" duration-ms="2" started-at="2019-01-21T06:42:46Z" finished-at="2019-01-21T06:42:46Z">
          <reporter-output>
          </reporter-output>
        </test-method> <!-- test_UsingHardAssertion -->
      </class> <!-- JavaTest.Fail -->
      <class name="JavaTest.Pass">
        <test-method status="PASS" signature="loginsetup()[pri:0, instance:JavaTest.Pass@59fa1d9b]" name="loginsetup" is-config="true" duration-ms="6914" started-at="2019-01-21T06:42:35Z" finished-at="2019-01-21T06:42:41Z">
          <reporter-output>
          </reporter-output>
        </test-method> <!-- loginsetup -->
        <test-method status="PASS" signature="test()[pri:0, instance:JavaTest.Pass@59fa1d9b]" name="test" duration-ms="4070" started-at="2019-01-21T06:42:41Z" finished-at="2019-01-21T06:42:46Z">
          <reporter-output>
          </reporter-output>
        </test-method> <!-- test -->
        <test-method status="PASS" signature="aftertest()[pri:0, instance:JavaTest.Pass@59fa1d9b]" name="aftertest" is-config="true" duration-ms="866" started-at="2019-01-21T06:42:46Z" finished-at="2019-01-21T06:42:46Z">
          <reporter-output>
          </reporter-output>
        </test-method> <!-- aftertest -->
      </class> <!-- JavaTest.Pass -->
    </test> <!-- Test -->
  </suite> <!-- Suite -->
</testng-results>
